<?xml version="1.0" encoding="UTF-8"?>
<robot generator="Robot 4.1.2 (Python 3.9.5 on darwin)" generated="20211119 17:04:54.829" rpa="false" schemaversion="2">
<suite id="s1" name="Flight" source="/Users/vasanth/PycharmProjects/Robot/Tests/Google/FunctionalTests/Flight.robot">
<test id="s1-t1" name="Flight Details">
<kw name="Create Webdriver" library="SeleniumLibrary">
<arg>Chrome</arg>
<arg>executable_path=/Users/vasanth/Downloads/chromedriverr</arg>
<doc>Creates an instance of Selenium WebDriver.</doc>
<msg timestamp="20211119 17:04:54.977" level="INFO">Creating an instance of the Chrome WebDriver.</msg>
<status status="PASS" starttime="20211119 17:04:54.976" endtime="20211119 17:04:57.147"/>
</kw>
<kw name="Go To" library="SeleniumLibrary">
<arg>${url}</arg>
<doc>Navigates the current browser window to the provided ``url``.</doc>
<msg timestamp="20211119 17:04:57.148" level="INFO">Opening url 'http://demo.guru99.com/test/newtours/reservation.php'</msg>
<status status="PASS" starttime="20211119 17:04:57.147" endtime="20211119 17:04:58.907"/>
</kw>
<kw name="Maximize Browser Window" library="SeleniumLibrary">
<doc>Maximizes current browser window.</doc>
<status status="PASS" starttime="20211119 17:04:58.908" endtime="20211119 17:04:59.074"/>
</kw>
<kw name="Flight details">
<kw name="Select Radio Button" library="SeleniumLibrary">
<arg>tripType</arg>
<arg>oneway</arg>
<doc>Sets the radio button group ``group_name`` to ``value``.</doc>
<msg timestamp="20211119 17:04:59.075" level="INFO">Selecting 'oneway' from radio button 'tripType'.</msg>
<status status="PASS" starttime="20211119 17:04:59.075" endtime="20211119 17:04:59.146"/>
</kw>
<kw name="Select From List By Value" library="SeleniumLibrary">
<arg>passCount</arg>
<arg>2</arg>
<doc>Selects options from selection list ``locator`` by ``values``.</doc>
<msg timestamp="20211119 17:04:59.147" level="INFO">Selecting options from selection list 'passCount' by value 2.</msg>
<status status="PASS" starttime="20211119 17:04:59.146" endtime="20211119 17:04:59.197"/>
</kw>
<kw name="Select From List By Index" library="SeleniumLibrary">
<arg>fromPort</arg>
<arg>3</arg>
<doc>Selects options from selection list ``locator`` by ``indexes``.</doc>
<msg timestamp="20211119 17:04:59.197" level="INFO">Selecting options from selection list 'fromPort' by index 3.</msg>
<status status="PASS" starttime="20211119 17:04:59.197" endtime="20211119 17:04:59.277"/>
</kw>
<kw name="Select From List By Label" library="SeleniumLibrary">
<arg>fromMonth</arg>
<arg>August</arg>
<doc>Selects options from selection list ``locator`` by ``labels``.</doc>
<msg timestamp="20211119 17:04:59.277" level="INFO">Selecting options from selection list 'fromMonth' by label August.</msg>
<status status="PASS" starttime="20211119 17:04:59.277" endtime="20211119 17:04:59.335"/>
</kw>
<kw name="Select From List By Value" library="SeleniumLibrary">
<arg>fromDay</arg>
<arg>4</arg>
<doc>Selects options from selection list ``locator`` by ``values``.</doc>
<msg timestamp="20211119 17:04:59.336" level="INFO">Selecting options from selection list 'fromDay' by value 4.</msg>
<status status="PASS" starttime="20211119 17:04:59.335" endtime="20211119 17:04:59.387"/>
</kw>
<kw name="Select From List By Value" library="SeleniumLibrary">
<arg>toPort</arg>
<arg>Paris</arg>
<doc>Selects options from selection list ``locator`` by ``values``.</doc>
<msg timestamp="20211119 17:04:59.387" level="INFO">Selecting options from selection list 'toPort' by value Paris.</msg>
<status status="PASS" starttime="20211119 17:04:59.387" endtime="20211119 17:04:59.443"/>
</kw>
<kw name="Select From List By Label" library="SeleniumLibrary">
<arg>toMonth</arg>
<arg>September</arg>
<doc>Selects options from selection list ``locator`` by ``labels``.</doc>
<msg timestamp="20211119 17:04:59.443" level="INFO">Selecting options from selection list 'toMonth' by label September.</msg>
<status status="PASS" starttime="20211119 17:04:59.443" endtime="20211119 17:04:59.497"/>
</kw>
<kw name="Select From List By Value" library="SeleniumLibrary">
<arg>toDay</arg>
<arg>6</arg>
<doc>Selects options from selection list ``locator`` by ``values``.</doc>
<msg timestamp="20211119 17:04:59.497" level="INFO">Selecting options from selection list 'toDay' by value 6.</msg>
<status status="PASS" starttime="20211119 17:04:59.497" endtime="20211119 17:04:59.545"/>
</kw>
<kw name="Page Should Contain Radio Button" library="SeleniumLibrary">
<arg>servClass</arg>
<doc>Verifies radio button ``locator`` is found from current page.</doc>
<msg timestamp="20211119 17:04:59.556" level="INFO">Current page contains radio button 'servClass'.</msg>
<status status="PASS" starttime="20211119 17:04:59.545" endtime="20211119 17:04:59.556"/>
</kw>
<kw name="Select Radio Button" library="SeleniumLibrary">
<arg>servClass</arg>
<arg>Business</arg>
<doc>Sets the radio button group ``group_name`` to ``value``.</doc>
<msg timestamp="20211119 17:04:59.556" level="INFO">Selecting 'Business' from radio button 'servClass'.</msg>
<status status="PASS" starttime="20211119 17:04:59.556" endtime="20211119 17:04:59.606"/>
</kw>
<kw name="Select From List By Index" library="SeleniumLibrary">
<arg>airline</arg>
<arg>1</arg>
<doc>Selects options from selection list ``locator`` by ``indexes``.</doc>
<msg timestamp="20211119 17:04:59.607" level="INFO">Selecting options from selection list 'airline' by index 1.</msg>
<status status="PASS" starttime="20211119 17:04:59.607" endtime="20211119 17:04:59.667"/>
</kw>
<kw name="Click Image" library="SeleniumLibrary">
<arg>findFlights</arg>
<doc>Clicks an image identified by ``locator``.</doc>
<msg timestamp="20211119 17:04:59.668" level="INFO">Clicking image 'findFlights'.</msg>
<status status="PASS" starttime="20211119 17:04:59.668" endtime="20211119 17:05:00.350"/>
</kw>
<kw name="Page Should Contain" library="SeleniumLibrary">
<arg>After flight finder - No Seats Avaialble</arg>
<doc>Verifies that current page contains ``text``.</doc>
<msg timestamp="20211119 17:05:00.365" level="INFO">Current page contains text 'After flight finder - No Seats Avaialble'.</msg>
<status status="PASS" starttime="20211119 17:05:00.350" endtime="20211119 17:05:00.365"/>
</kw>
<status status="PASS" starttime="20211119 17:04:59.074" endtime="20211119 17:05:00.366"/>
</kw>
<kw name="Close Browser" library="SeleniumLibrary">
<doc>Closes the current browser.</doc>
<status status="PASS" starttime="20211119 17:05:00.366" endtime="20211119 17:05:00.448"/>
</kw>
<status status="PASS" starttime="20211119 17:04:54.976" endtime="20211119 17:05:00.448"/>
</test>
<doc>This is a test for flight reservation</doc>
<status status="PASS" starttime="20211119 17:04:54.830" endtime="20211119 17:05:00.450"/>
</suite>
<statistics>
<total>
<stat pass="1" fail="0" skip="0">All Tests</stat>
</total>
<tag>
</tag>
<suite>
<stat pass="1" fail="0" skip="0" id="s1" name="Flight">Flight</stat>
</suite>
</statistics>
<errors>
</errors>
</robot>
