<?xml version="1.0" encoding="UTF-8"?>
<robot generator="Robot 4.1.2 (Python 3.9.5 on darwin)" generated="20211117 20:21:01.962" rpa="false" schemaversion="2">
<suite id="s1" name="Login" source="/Users/vasanth/PycharmProjects/Robot/Tests/Google/FunctionalTests/Login.robot">
<test id="s1-t1" name="Login Test">
<kw name="Create Webdriver" library="SeleniumLibrary">
<arg>Chrome</arg>
<arg>executable_path=/Users/vasanth/Downloads/chromedriverr</arg>
<doc>Creates an instance of Selenium WebDriver.</doc>
<msg timestamp="20211117 20:21:02.166" level="INFO">Creating an instance of the Chrome WebDriver.</msg>
<status status="PASS" starttime="20211117 20:21:02.166" endtime="20211117 20:21:04.494"/>
</kw>
<kw name="Go To" library="SeleniumLibrary">
<arg>${url}</arg>
<doc>Navigates the current browser window to the provided ``url``.</doc>
<msg timestamp="20211117 20:21:04.495" level="INFO">Opening url 'https://demo.guru99.com/test/newtours/index.php'</msg>
<status status="PASS" starttime="20211117 20:21:04.494" endtime="20211117 20:21:07.765"/>
</kw>
<kw name="logintoapp">
<kw name="Maximize Browser Window" library="SeleniumLibrary">
<doc>Maximizes current browser window.</doc>
<status status="PASS" starttime="20211117 20:21:07.766" endtime="20211117 20:21:07.917"/>
</kw>
<kw name="Input Text" library="SeleniumLibrary">
<arg>name:userName</arg>
<arg>mercury</arg>
<doc>Types the given ``text`` into the text field identified by ``locator``.</doc>
<msg timestamp="20211117 20:21:07.917" level="INFO">Typing text 'mercury' into text field 'name:userName'.</msg>
<status status="PASS" starttime="20211117 20:21:07.917" endtime="20211117 20:21:08.117"/>
</kw>
<kw name="Input Text" library="SeleniumLibrary">
<arg>name:password</arg>
<arg>mercury</arg>
<doc>Types the given ``text`` into the text field identified by ``locator``.</doc>
<msg timestamp="20211117 20:21:08.118" level="INFO">Typing text 'mercury' into text field 'name:password'.</msg>
<status status="PASS" starttime="20211117 20:21:08.118" endtime="20211117 20:21:08.210"/>
</kw>
<kw name="Click Element" library="SeleniumLibrary">
<arg>name:submit</arg>
<doc>Click the element identified by ``locator``.</doc>
<msg timestamp="20211117 20:21:08.210" level="INFO">Clicking element 'name:submit'.</msg>
<status status="PASS" starttime="20211117 20:21:08.210" endtime="20211117 20:21:09.261"/>
</kw>
<kw name="Page Should Contain" library="SeleniumLibrary">
<arg>Login Successfully</arg>
<doc>Verifies that current page contains ``text``.</doc>
<msg timestamp="20211117 20:21:09.276" level="INFO">Current page contains text 'Login Successfully'.</msg>
<status status="PASS" starttime="20211117 20:21:09.261" endtime="20211117 20:21:09.276"/>
</kw>
<status status="PASS" starttime="20211117 20:21:07.766" endtime="20211117 20:21:09.276"/>
</kw>
<kw name="Close Browser" library="SeleniumLibrary">
<doc>Closes the current browser.</doc>
<status status="PASS" starttime="20211117 20:21:09.277" endtime="20211117 20:21:09.375"/>
</kw>
<status status="PASS" starttime="20211117 20:21:02.165" endtime="20211117 20:21:09.376"/>
</test>
<doc>This is a login test</doc>
<status status="PASS" starttime="20211117 20:21:01.963" endtime="20211117 20:21:09.378"/>
</suite>
<statistics>
<total>
<stat pass="1" fail="0" skip="0">All Tests</stat>
</total>
<tag>
</tag>
<suite>
<stat pass="1" fail="0" skip="0" id="s1" name="Login">Login</stat>
</suite>
</statistics>
<errors>
</errors>
</robot>
